<?xml version="1.0" encoding="UTF-8"?>
<testng-results ignored="0" total="1" passed="1" failed="0" skipped="0">
  <reporter-output>
  </reporter-output>
  <suite started-at="2024-07-23T11:26:54 PET" name="Surefire suite" finished-at="2024-07-23T11:27:06 PET" duration-ms="12169">
    <groups>
      <group name="cucumber">
        <method signature="AbstractTestNGCucumberTests.runScenario(io.cucumber.testng.PickleWrapper,io.cucumber.testng.FeatureWrapper)[pri:0, instance:RunCucumberTest@50a7bc6e]" name="runScenario" class="io.cucumber.testng.AbstractTestNGCucumberTests"/>
      </group> <!-- cucumber -->
    </groups>
    <test started-at="2024-07-23T11:26:54 PET" name="Surefire test" finished-at="2024-07-23T11:27:06 PET" duration-ms="12169">
      <class name="RunCucumberTest">
        <test-method is-config="true" signature="setUpClass()[pri:0, instance:RunCucumberTest@50a7bc6e]" started-at="2024-07-23T11:26:54 PET" name="setUpClass" finished-at="2024-07-23T11:26:55 PET" duration-ms="868" status="PASS">
          <reporter-output>
          </reporter-output>
        </test-method> <!-- setUpClass -->
        <test-method signature="runScenario(io.cucumber.testng.PickleWrapper,io.cucumber.testng.FeatureWrapper)[pri:0, instance:RunCucumberTest@50a7bc6e]" started-at="2024-07-23T11:26:55 PET" name="runScenario" description="Runs Cucumber Scenarios" data-provider="scenarios" finished-at="2024-07-23T11:27:06 PET" duration-ms="11185" status="PASS">
          <params>
            <param index="0">
              <value>
                <![CDATA["Register a new user and login"]]>
              </value>
            </param>
            <param index="1">
              <value>
                <![CDATA["Optional[User Registration and Login]"]]>
              </value>
            </param>
          </params>
          <reporter-output>
          </reporter-output>
        </test-method> <!-- runScenario -->
        <test-method is-config="true" signature="tearDownClass()[pri:0, instance:RunCucumberTest@50a7bc6e]" started-at="2024-07-23T11:27:06 PET" name="tearDownClass" finished-at="2024-07-23T11:27:06 PET" duration-ms="54" status="PASS">
          <reporter-output>
          </reporter-output>
        </test-method> <!-- tearDownClass -->
      </class> <!-- RunCucumberTest -->
    </test> <!-- Surefire test -->
  </suite> <!-- Surefire suite -->
</testng-results>
